C:\Program Files\Microsoft Visual Studio\2022\Community\MSBuild\Microsoft\VC\v170\Microsoft.CppBuild.targets(531,5): warning MSB8028: The intermediate directory (C:\Users\harsh\Downloads\FIre\obj\x64\Debug\) contains files shared from another project (opengl.vcxproj).  This can lead to incorrect clean and rebuild behavior.
  ParticleGenerator.cpp
C:\Users\harsh\Downloads\FIre\ParticleGenerator.cpp(139,18): warning C4244: 'initializing': conversion from 'double' to 'float', possible loss of data
  error.cpp
  events.cpp
C:\Users\harsh\Downloads\FIre\src\events.cpp(23,11): warning C4244: '=': conversion from 'double' to 'float', possible loss of data
C:\Users\harsh\Downloads\FIre\src\events.cpp(24,11): warning C4244: '=': conversion from 'double' to 'float', possible loss of data
C:\Users\harsh\Downloads\FIre\src\events.cpp(28,16): warning C4244: 'initializing': conversion from 'double' to 'float', possible loss of data
C:\Users\harsh\Downloads\FIre\src\events.cpp(29,16): warning C4244: 'initializing': conversion from 'double' to 'float', possible loss of data
C:\Users\harsh\Downloads\FIre\src\events.cpp(31,10): warning C4244: '=': conversion from 'double' to 'float', possible loss of data
C:\Users\harsh\Downloads\FIre\src\events.cpp(32,10): warning C4244: '=': conversion from 'double' to 'float', possible loss of data
  Light.cpp
  main.cpp
C:\Users\harsh\Downloads\FIre\src\openglFunctions.h(281,48): warning C4312: 'type cast': conversion from 'unsigned int' to 'const void *' of greater size
  (compiling source file 'src/main.cpp')
  
C:\Users\harsh\Downloads\FIre\src\openglFunctions.h(282,48): warning C4312: 'type cast': conversion from 'unsigned int' to 'const void *' of greater size
  (compiling source file 'src/main.cpp')
  
C:\Users\harsh\Downloads\FIre\src\main.cpp(147,29): warning C4244: '=': conversion from 'double' to 'float', possible loss of data
  buffers.cpp
  opengleShader.cpp
  opengltexture.cpp
  vertexAraay.cpp
C:\Users\harsh\Downloads\FIre\src\renderer\vertexAraay.cpp(73,3): warning C4267: 'argument': conversion from 'size_t' to 'GLuint', possible loss of data
C:\Users\harsh\Downloads\FIre\src\renderer\vertexAraay.cpp(74,3): warning C4267: 'argument': conversion from 'size_t' to 'GLuint', possible loss of data
C:\Users\harsh\Downloads\FIre\src\renderer\vertexAraay.cpp(86,3): warning C4312: 'type cast': conversion from 'int' to 'const void *' of greater size
C:\Users\harsh\Downloads\FIre\src\renderer\vertexAraay.cpp(99,19): warning C4267: '+=': conversion from 'size_t' to 'unsigned int', possible loss of data
  stb_image.cpp
  Generating Code...
glew32s.lib(glew.obj) : warning LNK4099: PDB '' was not found with 'glew32s.lib(glew.obj)' or at ''; linking object as if no debug info
GLFW.lib(input.obj) : warning LNK4099: PDB '' was not found with 'GLFW.lib(input.obj)' or at ''; linking object as if no debug info
GLFW.lib(init.obj) : warning LNK4099: PDB '' was not found with 'GLFW.lib(init.obj)' or at ''; linking object as if no debug info
GLFW.lib(window.obj) : warning LNK4099: PDB '' was not found with 'GLFW.lib(window.obj)' or at ''; linking object as if no debug info
GLFW.lib(context.obj) : warning LNK4099: PDB '' was not found with 'GLFW.lib(context.obj)' or at ''; linking object as if no debug info
GLFW.lib(win32_window.obj) : warning LNK4099: PDB '' was not found with 'GLFW.lib(win32_window.obj)' or at ''; linking object as if no debug info
GLFW.lib(win32_joystick.obj) : warning LNK4099: PDB '' was not found with 'GLFW.lib(win32_joystick.obj)' or at ''; linking object as if no debug info
GLFW.lib(win32_time.obj) : warning LNK4099: PDB '' was not found with 'GLFW.lib(win32_time.obj)' or at ''; linking object as if no debug info
GLFW.lib(win32_init.obj) : warning LNK4099: PDB '' was not found with 'GLFW.lib(win32_init.obj)' or at ''; linking object as if no debug info
GLFW.lib(win32_monitor.obj) : warning LNK4099: PDB '' was not found with 'GLFW.lib(win32_monitor.obj)' or at ''; linking object as if no debug info
GLFW.lib(win32_thread.obj) : warning LNK4099: PDB '' was not found with 'GLFW.lib(win32_thread.obj)' or at ''; linking object as if no debug info
GLFW.lib(monitor.obj) : warning LNK4099: PDB '' was not found with 'GLFW.lib(monitor.obj)' or at ''; linking object as if no debug info
GLFW.lib(vulkan.obj) : warning LNK4099: PDB '' was not found with 'GLFW.lib(vulkan.obj)' or at ''; linking object as if no debug info
GLFW.lib(wgl_context.obj) : warning LNK4099: PDB '' was not found with 'GLFW.lib(wgl_context.obj)' or at ''; linking object as if no debug info
GLFW.lib(egl_context.obj) : warning LNK4099: PDB '' was not found with 'GLFW.lib(egl_context.obj)' or at ''; linking object as if no debug info
GLFW.lib(osmesa_context.obj) : warning LNK4099: PDB '' was not found with 'GLFW.lib(osmesa_context.obj)' or at ''; linking object as if no debug info
LINK : warning LNK4098: defaultlib 'LIBCMTD' conflicts with use of other libs; use /NODEFAULTLIB:library
LINK : warning LNK4217: symbol '__glewBindBuffer' defined in 'glew32s.lib(glew.obj)' is imported by 'ParticleGenerator.obj' in function '"private: void __cdecl ParticleGenerator::init(void)" (?init@ParticleGenerator@@AEAAXXZ)'
LINK : warning LNK4286: symbol '__glewBindBuffer' defined in 'glew32s.lib(glew.obj)' is imported by 'buffers.obj'
LINK : warning LNK4217: symbol '__glewBufferData' defined in 'glew32s.lib(glew.obj)' is imported by 'ParticleGenerator.obj' in function '"private: void __cdecl ParticleGenerator::init(void)" (?init@ParticleGenerator@@AEAAXXZ)'
LINK : warning LNK4286: symbol '__glewBufferData' defined in 'glew32s.lib(glew.obj)' is imported by 'buffers.obj'
LINK : warning LNK4217: symbol '__glewGenBuffers' defined in 'glew32s.lib(glew.obj)' is imported by 'ParticleGenerator.obj' in function '"private: void __cdecl ParticleGenerator::init(void)" (?init@ParticleGenerator@@AEAAXXZ)'
LINK : warning LNK4286: symbol '__glewGenBuffers' defined in 'glew32s.lib(glew.obj)' is imported by 'buffers.obj'
LINK : warning LNK4217: symbol '__glewEnableVertexAttribArray' defined in 'glew32s.lib(glew.obj)' is imported by 'ParticleGenerator.obj' in function '"private: void __cdecl ParticleGenerator::init(void)" (?init@ParticleGenerator@@AEAAXXZ)'
LINK : warning LNK4286: symbol '__glewEnableVertexAttribArray' defined in 'glew32s.lib(glew.obj)' is imported by 'vertexAraay.obj'
LINK : warning LNK4217: symbol '__glewVertexAttribPointer' defined in 'glew32s.lib(glew.obj)' is imported by 'ParticleGenerator.obj' in function '"private: void __cdecl ParticleGenerator::init(void)" (?init@ParticleGenerator@@AEAAXXZ)'
LINK : warning LNK4286: symbol '__glewVertexAttribPointer' defined in 'glew32s.lib(glew.obj)' is imported by 'vertexAraay.obj'
LINK : warning LNK4217: symbol '__glewBindVertexArray' defined in 'glew32s.lib(glew.obj)' is imported by 'ParticleGenerator.obj' in function '"public: void __cdecl ParticleGenerator::Draw(struct glm::tvec3<float,0>,struct glm::tvec3<float,0>)" (?Draw@ParticleGenerator@@QEAAXU?$tvec3@M$0A@@glm@@0@Z)'
LINK : warning LNK4286: symbol '__glewBindVertexArray' defined in 'glew32s.lib(glew.obj)' is imported by 'vertexAraay.obj'
LINK : warning LNK4217: symbol '__glewGenVertexArrays' defined in 'glew32s.lib(glew.obj)' is imported by 'ParticleGenerator.obj' in function '"private: void __cdecl ParticleGenerator::init(void)" (?init@ParticleGenerator@@AEAAXXZ)'
LINK : warning LNK4286: symbol '__glewGenVertexArrays' defined in 'glew32s.lib(glew.obj)' is imported by 'vertexAraay.obj'
LINK : warning LNK4217: symbol '__glewGetUniformLocation' defined in 'glew32s.lib(glew.obj)' is imported by 'Light.obj' in function '"public: void __cdecl Light::render(struct glm::tvec3<float,0>,unsigned int,bool,bool)" (?render@Light@@QEAAXU?$tvec3@M$0A@@glm@@I_N1@Z)'
LINK : warning LNK4217: symbol '__glewGetUniformLocation' defined in 'glew32s.lib(glew.obj)' is imported by 'opengleShader.obj' in function '"protected: virtual __int64 __cdecl std::basic_filebuf<char,struct std::char_traits<char> >::xsputn(char const *,__int64)" (?xsputn@?$basic_filebuf@DU?$char_traits@D@std@@@std@@MEAA_JPEBD_J@Z)'
LINK : warning LNK4217: symbol '__glewUniform1f' defined in 'glew32s.lib(glew.obj)' is imported by 'Light.obj' in function '"public: void __cdecl Light::render(struct glm::tvec3<float,0>,unsigned int,bool,bool)" (?render@Light@@QEAAXU?$tvec3@M$0A@@glm@@I_N1@Z)'
LINK : warning LNK4217: symbol '__glewUniform1f' defined in 'glew32s.lib(glew.obj)' is imported by 'opengleShader.obj' in function '"protected: void __cdecl std::basic_stringbuf<char,struct std::char_traits<char>,class std::allocator<char> >::_Tidy(void)" (?_Tidy@?$basic_stringbuf@DU?$char_traits@D@std@@V?$allocator@D@2@@std@@IEAAXXZ)'
LINK : warning LNK4217: symbol '__glewUniform3fv' defined in 'glew32s.lib(glew.obj)' is imported by 'Light.obj' in function '"public: void __cdecl Light::render(struct glm::tvec3<float,0>,unsigned int,bool,bool)" (?render@Light@@QEAAXU?$tvec3@M$0A@@glm@@I_N1@Z)'
LINK : warning LNK4217: symbol '__glewUniform3fv' defined in 'glew32s.lib(glew.obj)' is imported by 'opengleShader.obj' in function '"protected: virtual int __cdecl std::basic_stringbuf<char,struct std::char_traits<char>,class std::allocator<char> >::overflow(int)" (?overflow@?$basic_stringbuf@DU?$char_traits@D@std@@V?$allocator@D@2@@std@@MEAAHH@Z)'
LINK : warning LNK4217: symbol '__glewUseProgram' defined in 'glew32s.lib(glew.obj)' is imported by 'Light.obj' in function '"public: void __cdecl Light::render(struct glm::tvec3<float,0>,unsigned int,bool,bool)" (?render@Light@@QEAAXU?$tvec3@M$0A@@glm@@I_N1@Z)'
LINK : warning LNK4217: symbol '__glewUseProgram' defined in 'glew32s.lib(glew.obj)' is imported by 'opengleShader.obj' in function '"protected: virtual int __cdecl std::basic_filebuf<char,struct std::char_traits<char> >::overflow(int)" (?overflow@?$basic_filebuf@DU?$char_traits@D@std@@@std@@MEAAHH@Z)'
LINK : warning LNK4217: symbol '__glewBufferSubData' defined in 'glew32s.lib(glew.obj)' is imported by 'buffers.obj' in function '"public: void __cdecl vertexBuffer::updateBuffer(float *,unsigned __int64,int)" (?updateBuffer@vertexBuffer@@QEAAXPEAM_KH@Z)'
LINK : warning LNK4217: symbol '__glewDeleteBuffers' defined in 'glew32s.lib(glew.obj)' is imported by 'buffers.obj' in function '"public: __cdecl IndexBuffer::~IndexBuffer(void)" (??1IndexBuffer@@QEAA@XZ)'
LINK : warning LNK4217: symbol '__glewGetBufferParameteriv' defined in 'glew32s.lib(glew.obj)' is imported by 'buffers.obj' in function '"public: void __cdecl vertexBuffer::updateBuffer(float *,unsigned __int64,int)" (?updateBuffer@vertexBuffer@@QEAAXPEAM_KH@Z)'
LINK : warning LNK4217: symbol '__glewGetBufferSubData' defined in 'glew32s.lib(glew.obj)' is imported by 'buffers.obj' in function '"public: void __cdecl vertexBuffer::getData(unsigned int,unsigned int,unsigned int,void *)" (?getData@vertexBuffer@@QEAAXIIIPEAX@Z)'
LINK : warning LNK4217: symbol '__glewMapBuffer' defined in 'glew32s.lib(glew.obj)' is imported by 'buffers.obj' in function '"public: void __cdecl vertexBuffer::clearBuffer(void)" (?clearBuffer@vertexBuffer@@QEAAXXZ)'
LINK : warning LNK4217: symbol '__glewUnmapBuffer' defined in 'glew32s.lib(glew.obj)' is imported by 'buffers.obj' in function '"public: void __cdecl vertexBuffer::clearBuffer(void)" (?clearBuffer@vertexBuffer@@QEAAXXZ)'
LINK : warning LNK4217: symbol '__glewBindBufferBase' defined in 'glew32s.lib(glew.obj)' is imported by 'buffers.obj' in function '"public: void __cdecl vertexBuffer::bindBufferBase(unsigned int,unsigned int)" (?bindBufferBase@vertexBuffer@@QEAAXII@Z)'
LINK : warning LNK4217: symbol '__glewAttachShader' defined in 'glew32s.lib(glew.obj)' is imported by 'opengleShader.obj' in function '"private: unsigned int __cdecl openglShader::createShader(class std::basic_string<char,struct std::char_traits<char>,class std::allocator<char> > &,class std::basic_string<char,struct std::char_traits<char>,class std::allocator<char> > &,class std::basic_string<char,struct std::char_traits<char>,class std::allocator<char> > &,bool,char const *)" (?createShader@openglShader@@AEAAIAEAV?$basic_string@DU?$char_traits@D@std@@V?$allocator@D@2@@std@@00_NPEBD@Z)'
LINK : warning LNK4217: symbol '__glewCompileShader' defined in 'glew32s.lib(glew.obj)' is imported by 'opengleShader.obj' in function '"private: unsigned int __cdecl openglShader::compileShader(class std::basic_string<char,struct std::char_traits<char>,class std::allocator<char> > &,unsigned int)" (?compileShader@openglShader@@AEAAIAEAV?$basic_string@DU?$char_traits@D@std@@V?$allocator@D@2@@std@@I@Z)'
LINK : warning LNK4217: symbol '__glewCreateProgram' defined in 'glew32s.lib(glew.obj)' is imported by 'opengleShader.obj' in function '"private: unsigned int __cdecl openglShader::createShader(class std::basic_string<char,struct std::char_traits<char>,class std::allocator<char> > &,class std::basic_string<char,struct std::char_traits<char>,class std::allocator<char> > &,class std::basic_string<char,struct std::char_traits<char>,class std::allocator<char> > &,bool,char const *)" (?createShader@openglShader@@AEAAIAEAV?$basic_string@DU?$char_traits@D@std@@V?$allocator@D@2@@std@@00_NPEBD@Z)'
LINK : warning LNK4217: symbol '__glewCreateShader' defined in 'glew32s.lib(glew.obj)' is imported by 'opengleShader.obj' in function '"private: unsigned int __cdecl openglShader::compileShader(class std::basic_string<char,struct std::char_traits<char>,class std::allocator<char> > &,unsigned int)" (?compileShader@openglShader@@AEAAIAEAV?$basic_string@DU?$char_traits@D@std@@V?$allocator@D@2@@std@@I@Z)'
LINK : warning LNK4217: symbol '__glewDeleteShader' defined in 'glew32s.lib(glew.obj)' is imported by 'opengleShader.obj' in function '"private: unsigned int __cdecl openglShader::createShader(class std::basic_string<char,struct std::char_traits<char>,class std::allocator<char> > &,class std::basic_string<char,struct std::char_traits<char>,class std::allocator<char> > &,class std::basic_string<char,struct std::char_traits<char>,class std::allocator<char> > &,bool,char const *)" (?createShader@openglShader@@AEAAIAEAV?$basic_string@DU?$char_traits@D@std@@V?$allocator@D@2@@std@@00_NPEBD@Z)'
LINK : warning LNK4217: symbol '__glewDetachShader' defined in 'glew32s.lib(glew.obj)' is imported by 'opengleShader.obj' in function '"private: unsigned int __cdecl openglShader::createShader(class std::basic_string<char,struct std::char_traits<char>,class std::allocator<char> > &,class std::basic_string<char,struct std::char_traits<char>,class std::allocator<char> > &,class std::basic_string<char,struct std::char_traits<char>,class std::allocator<char> > &,bool,char const *)" (?createShader@openglShader@@AEAAIAEAV?$basic_string@DU?$char_traits@D@std@@V?$allocator@D@2@@std@@00_NPEBD@Z)'
LINK : warning LNK4217: symbol '__glewGetProgramInfoLog' defined in 'glew32s.lib(glew.obj)' is imported by 'opengleShader.obj' in function '"private: unsigned int __cdecl openglShader::createShader(class std::basic_string<char,struct std::char_traits<char>,class std::allocator<char> > &,class std::basic_string<char,struct std::char_traits<char>,class std::allocator<char> > &,class std::basic_string<char,struct std::char_traits<char>,class std::allocator<char> > &,bool,char const *)" (?createShader@openglShader@@AEAAIAEAV?$basic_string@DU?$char_traits@D@std@@V?$allocator@D@2@@std@@00_NPEBD@Z)'
LINK : warning LNK4217: symbol '__glewGetProgramiv' defined in 'glew32s.lib(glew.obj)' is imported by 'opengleShader.obj' in function '"private: unsigned int __cdecl openglShader::createShader(class std::basic_string<char,struct std::char_traits<char>,class std::allocator<char> > &,class std::basic_string<char,struct std::char_traits<char>,class std::allocator<char> > &,class std::basic_string<char,struct std::char_traits<char>,class std::allocator<char> > &,bool,char const *)" (?createShader@openglShader@@AEAAIAEAV?$basic_string@DU?$char_traits@D@std@@V?$allocator@D@2@@std@@00_NPEBD@Z)'
LINK : warning LNK4217: symbol '__glewGetShaderInfoLog' defined in 'glew32s.lib(glew.obj)' is imported by 'opengleShader.obj' in function '"private: unsigned int __cdecl openglShader::compileShader(class std::basic_string<char,struct std::char_traits<char>,class std::allocator<char> > &,unsigned int)" (?compileShader@openglShader@@AEAAIAEAV?$basic_string@DU?$char_traits@D@std@@V?$allocator@D@2@@std@@I@Z)'
LINK : warning LNK4217: symbol '__glewGetShaderiv' defined in 'glew32s.lib(glew.obj)' is imported by 'opengleShader.obj' in function '"private: unsigned int __cdecl openglShader::compileShader(class std::basic_string<char,struct std::char_traits<char>,class std::allocator<char> > &,unsigned int)" (?compileShader@openglShader@@AEAAIAEAV?$basic_string@DU?$char_traits@D@std@@V?$allocator@D@2@@std@@I@Z)'
LINK : warning LNK4217: symbol '__glewLinkProgram' defined in 'glew32s.lib(glew.obj)' is imported by 'opengleShader.obj' in function '"private: unsigned int __cdecl openglShader::createShader(class std::basic_string<char,struct std::char_traits<char>,class std::allocator<char> > &,class std::basic_string<char,struct std::char_traits<char>,class std::allocator<char> > &,class std::basic_string<char,struct std::char_traits<char>,class std::allocator<char> > &,bool,char const *)" (?createShader@openglShader@@AEAAIAEAV?$basic_string@DU?$char_traits@D@std@@V?$allocator@D@2@@std@@00_NPEBD@Z)'
LINK : warning LNK4217: symbol '__glewShaderSource' defined in 'glew32s.lib(glew.obj)' is imported by 'opengleShader.obj' in function '"private: unsigned int __cdecl openglShader::compileShader(class std::basic_string<char,struct std::char_traits<char>,class std::allocator<char> > &,unsigned int)" (?compileShader@openglShader@@AEAAIAEAV?$basic_string@DU?$char_traits@D@std@@V?$allocator@D@2@@std@@I@Z)'
LINK : warning LNK4217: symbol '__glewUniform1fv' defined in 'glew32s.lib(glew.obj)' is imported by 'opengleShader.obj' in function '"public: void __cdecl openglShader::setUniformFloat(char const *,float *,unsigned int)" (?setUniformFloat@openglShader@@QEAAXPEBDPEAMI@Z)'
LINK : warning LNK4217: symbol '__glewUniform1iv' defined in 'glew32s.lib(glew.obj)' is imported by 'opengleShader.obj' in function '"public: void __cdecl openglShader::setTextureSampler(char const *,int,unsigned int)" (?setTextureSampler@openglShader@@QEAAXPEBDHI@Z)'
LINK : warning LNK4217: symbol '__glewUniform4fv' defined in 'glew32s.lib(glew.obj)' is imported by 'opengleShader.obj' in function '"public: void __cdecl openglShader::setUniformVec4(char const *,struct glm::tvec4<float,0> const &,unsigned int)" (?setUniformVec4@openglShader@@QEAAXPEBDAEBU?$tvec4@M$0A@@glm@@I@Z)'
LINK : warning LNK4217: symbol '__glewUniformMatrix4fv' defined in 'glew32s.lib(glew.obj)' is imported by 'opengleShader.obj' in function '"public: void __cdecl openglShader::setUniformMat4(char const *,struct glm::tmat4x4<float,0> const &,unsigned int)" (?setUniformMat4@openglShader@@QEAAXPEBDAEBU?$tmat4x4@M$0A@@glm@@I@Z)'
LINK : warning LNK4217: symbol '__glewValidateProgram' defined in 'glew32s.lib(glew.obj)' is imported by 'opengleShader.obj' in function '"private: unsigned int __cdecl openglShader::createShader(class std::basic_string<char,struct std::char_traits<char>,class std::allocator<char> > &,class std::basic_string<char,struct std::char_traits<char>,class std::allocator<char> > &,class std::basic_string<char,struct std::char_traits<char>,class std::allocator<char> > &,bool,char const *)" (?createShader@openglShader@@AEAAIAEAV?$basic_string@DU?$char_traits@D@std@@V?$allocator@D@2@@std@@00_NPEBD@Z)'
LINK : warning LNK4217: symbol '__glewTransformFeedbackVaryings' defined in 'glew32s.lib(glew.obj)' is imported by 'opengleShader.obj' in function '"private: unsigned int __cdecl openglShader::createShader(class std::basic_string<char,struct std::char_traits<char>,class std::allocator<char> > &,class std::basic_string<char,struct std::char_traits<char>,class std::allocator<char> > &,class std::basic_string<char,struct std::char_traits<char>,class std::allocator<char> > &,bool,char const *)" (?createShader@openglShader@@AEAAIAEAV?$basic_string@DU?$char_traits@D@std@@V?$allocator@D@2@@std@@00_NPEBD@Z)'
LINK : warning LNK4217: symbol '__glewActiveTexture' defined in 'glew32s.lib(glew.obj)' is imported by 'opengltexture.obj' in function '"public: virtual void __cdecl opengl2Dtexture::bindTextureToSlot(unsigned int)" (?bindTextureToSlot@opengl2Dtexture@@UEAAXI@Z)'
LINK : warning LNK4217: symbol '__glewDeleteVertexArrays' defined in 'glew32s.lib(glew.obj)' is imported by 'vertexAraay.obj' in function '"public: __cdecl vertexArray::~vertexArray(void)" (??1vertexArray@@QEAA@XZ)'
  opengl.vcxproj -> C:\Users\harsh\Downloads\FIre\bin\x64\Debug\Fire.exe
